# JRE version: OpenJDK Runtime Environment (21.0.6) (build 21.0.6+-13368085-b895.109)
# Java VM: OpenJDK 64-Bit Server VM (21.0.6+-13368085-b895.109, mixed mode, tiered, compressed oops, compressed class ptrs, g1 gc, windows-amd64)
GC Precious Log:
 CardTable entry size: 512
 Card Set container configuration: InlinePtr #cards 5 size 8 Array Of Cards #cards 12 size 40 Howl #buckets 4 coarsen threshold 1843 Howl Bitmap #cards 512 size 80 coarsen threshold 460 Card regions per heap region 1 cards per card region 2048
 CPUs: 8 total, 8 available
 Memory: 16167M
 Large Page Support: Disabled
 NUMA Support: Disabled
 Compressed Oops: Enabled (32-bit)
 Heap Region Size: 1M
 Heap Min Capacity: 8M
 Heap Initial Capacity: 254M
 Heap Max Capacity: 2G
 Pre-touch: Disabled
 Parallel Workers: 8
 Concurrent Workers: 2
 Concurrent Refinement Workers: 8
 Periodic GC: Disabled
Heap:
 garbage-first heap   total 162816K, used 143234K [0x0000000080000000, 0x0000000100000000)
  region size 1024K, 49 young (50176K), 5 survivors (5120K)
 Metaspace       used 108948K, committed 111104K, reserved 1179648K
  class space    used 14940K, committed 16000K, reserved 1048576K
GC Heap History (20 events):
Event: 72.210 GC heap before
{Heap before GC invocations=35 (full 0):
 garbage-first heap   total 132096K, used 114893K [0x0000000080000000, 0x0000000100000000)
  region size 1024K, 39 young (39936K), 4 survivors (4096K)
 Metaspace       used 79739K, committed 81600K, reserved 1179648K
  class space    used 10728K, committed 11712K, reserved 1048576K
}
Event: 72.215 GC heap after
{Heap after GC invocations=36 (full 0):
 garbage-first heap   total 132096K, used 78231K [0x0000000080000000, 0x0000000100000000)
  region size 1024K, 5 young (5120K), 5 survivors (5120K)
 Metaspace       used 79739K, committed 81600K, reserved 1179648K
  class space    used 10728K, committed 11712K, reserved 1048576K
}
Event: 73.086 GC heap before
{Heap before GC invocations=36 (full 0):
 garbage-first heap   total 132096K, used 117143K [0x0000000080000000, 0x0000000100000000)
  region size 1024K, 43 young (44032K), 5 survivors (5120K)
 Metaspace       used 83005K, committed 84864K, reserved 1179648K
  class space    used 11136K, committed 12096K, reserved 1048576K
}
Event: 73.092 GC heap after
{Heap after GC invocations=37 (full 0):
 garbage-first heap   total 132096K, used 80027K [0x0000000080000000, 0x0000000100000000)
  region size 1024K, 2 young (2048K), 2 survivors (2048K)
 Metaspace       used 83005K, committed 84864K, reserved 1179648K
  class space    used 11136K, committed 12096K, reserved 1048576K
}
Event: 73.988 GC heap before
{Heap before GC invocations=37 (full 0):
 garbage-first heap   total 132096K, used 118939K [0x0000000080000000, 0x0000000100000000)
  region size 1024K, 40 young (40960K), 2 survivors (2048K)
 Metaspace       used 87079K, committed 88960K, reserved 1179648K
  class space    used 11665K, committed 12608K, reserved 1048576K
}
Event: 73.994 GC heap after
{Heap after GC invocations=38 (full 0):
 garbage-first heap   total 132096K, used 81916K [0x0000000080000000, 0x0000000100000000)
  region size 1024K, 4 young (4096K), 4 survivors (4096K)
 Metaspace       used 87079K, committed 88960K, reserved 1179648K
  class space    used 11665K, committed 12608K, reserved 1048576K
}
Event: 75.064 GC heap before
{Heap before GC invocations=39 (full 0):
 garbage-first heap   total 138240K, used 121852K [0x0000000080000000, 0x0000000100000000)
  region size 1024K, 40 young (40960K), 4 survivors (4096K)
 Metaspace       used 89389K, committed 91264K, reserved 1179648K
  class space    used 12000K, committed 12928K, reserved 1048576K
}
Event: 75.070 GC heap after
{Heap after GC invocations=40 (full 0):
 garbage-first heap   total 138240K, used 86826K [0x0000000080000000, 0x0000000100000000)
  region size 1024K, 4 young (4096K), 4 survivors (4096K)
 Metaspace       used 89389K, committed 91264K, reserved 1179648K
  class space    used 12000K, committed 12928K, reserved 1048576K
}
Event: 75.622 GC heap before
{Heap before GC invocations=40 (full 0):
 garbage-first heap   total 138240K, used 125738K [0x0000000080000000, 0x0000000100000000)
  region size 1024K, 42 young (43008K), 4 survivors (4096K)
 Metaspace       used 89701K, committed 91584K, reserved 1179648K
  class space    used 12033K, committed 12992K, reserved 1048576K
}
Event: 75.626 GC heap after
{Heap after GC invocations=41 (full 0):
 garbage-first heap   total 138240K, used 90953K [0x0000000080000000, 0x0000000100000000)
  region size 1024K, 6 young (6144K), 6 survivors (6144K)
 Metaspace       used 89701K, committed 91584K, reserved 1179648K
  class space    used 12033K, committed 12992K, reserved 1048576K
}
Event: 76.251 GC heap before
{Heap before GC invocations=41 (full 0):
 garbage-first heap   total 138240K, used 123721K [0x0000000080000000, 0x0000000100000000)
  region size 1024K, 38 young (38912K), 6 survivors (6144K)
 Metaspace       used 92091K, committed 94080K, reserved 1179648K
  class space    used 12358K, committed 13376K, reserved 1048576K
}
Event: 76.257 GC heap after
{Heap after GC invocations=42 (full 0):
 garbage-first heap   total 138240K, used 92876K [0x0000000080000000, 0x0000000100000000)
  region size 1024K, 3 young (3072K), 3 survivors (3072K)
 Metaspace       used 92091K, committed 94080K, reserved 1179648K
  class space    used 12358K, committed 13376K, reserved 1048576K
}
Event: 76.902 GC heap before
{Heap before GC invocations=43 (full 0):
 garbage-first heap   total 157696K, used 125644K [0x0000000080000000, 0x0000000100000000)
  region size 1024K, 34 young (34816K), 3 survivors (3072K)
 Metaspace       used 94421K, committed 96320K, reserved 1179648K
  class space    used 12726K, committed 13696K, reserved 1048576K
}
Event: 76.905 GC heap after
{Heap after GC invocations=44 (full 0):
 garbage-first heap   total 157696K, used 93637K [0x0000000080000000, 0x0000000100000000)
  region size 1024K, 3 young (3072K), 3 survivors (3072K)
 Metaspace       used 94421K, committed 96320K, reserved 1179648K
  class space    used 12726K, committed 13696K, reserved 1048576K
}
Event: 77.710 GC heap before
{Heap before GC invocations=44 (full 0):
 garbage-first heap   total 157696K, used 143813K [0x0000000080000000, 0x0000000100000000)
  region size 1024K, 52 young (53248K), 3 survivors (3072K)
 Metaspace       used 98481K, committed 100544K, reserved 1179648K
  class space    used 13413K, committed 14464K, reserved 1048576K
}
Event: 77.714 GC heap after
{Heap after GC invocations=45 (full 0):
 garbage-first heap   total 157696K, used 94291K [0x0000000080000000, 0x0000000100000000)
  region size 1024K, 5 young (5120K), 5 survivors (5120K)
 Metaspace       used 98481K, committed 100544K, reserved 1179648K
  class space    used 13413K, committed 14464K, reserved 1048576K
}
Event: 78.473 GC heap before
{Heap before GC invocations=45 (full 0):
 garbage-first heap   total 157696K, used 142419K [0x0000000080000000, 0x0000000100000000)
  region size 1024K, 52 young (53248K), 5 survivors (5120K)
 Metaspace       used 102101K, committed 104128K, reserved 1179648K
  class space    used 13945K, committed 14976K, reserved 1048576K
}
Event: 78.481 GC heap after
{Heap after GC invocations=46 (full 0):
 garbage-first heap   total 157696K, used 96918K [0x0000000080000000, 0x0000000100000000)
  region size 1024K, 6 young (6144K), 6 survivors (6144K)
 Metaspace       used 102101K, committed 104128K, reserved 1179648K
  class space    used 13945K, committed 14976K, reserved 1048576K
}
Event: 79.323 GC heap before
{Heap before GC invocations=47 (full 0):
 garbage-first heap   total 162816K, used 141974K [0x0000000080000000, 0x0000000100000000)
  region size 1024K, 50 young (51200K), 6 survivors (6144K)
 Metaspace       used 105226K, committed 107328K, reserved 1179648K
  class space    used 14421K, committed 15488K, reserved 1048576K
}
Event: 79.327 GC heap after
{Heap after GC invocations=48 (full 0):
 garbage-first heap   total 162816K, used 99202K [0x0000000080000000, 0x0000000100000000)
  region size 1024K, 5 young (5120K), 5 survivors (5120K)
 Metaspace       used 105226K, committed 107328K, reserved 1179648K
  class space    used 14421K, committed 15488K, reserved 1048576K
}

