# JRE version: OpenJDK Runtime Environment (21.0.6) (build 21.0.6+-13368085-b895.109)
# Java VM: OpenJDK 64-Bit Server VM (21.0.6+-13368085-b895.109, mixed mode, tiered, compressed oops, compressed class ptrs, g1 gc, windows-amd64)
GC Precious Log:
 CardTable entry size: 512
 Card Set container configuration: InlinePtr #cards 5 size 8 Array Of Cards #cards 12 size 40 Howl #buckets 4 coarsen threshold 1843 Howl Bitmap #cards 512 size 80 coarsen threshold 460 Card regions per heap region 1 cards per card region 2048
 CPUs: 8 total, 8 available
 Memory: 16167M
 Large Page Support: Disabled
 NUMA Support: Disabled
 Compressed Oops: Enabled (32-bit)
 Heap Region Size: 1M
 Heap Min Capacity: 8M
 Heap Initial Capacity: 254M
 Heap Max Capacity: 2G
 Pre-touch: Disabled
 Parallel Workers: 8
 Concurrent Workers: 2
 Concurrent Refinement Workers: 8
 Periodic GC: Disabled
Heap:
 garbage-first heap   total 249856K, used 178579K [0x0000000080000000, 0x0000000100000000)
  region size 1024K, 13 young (13312K), 7 survivors (7168K)
 Metaspace       used 119929K, committed 122304K, reserved 1179648K
  class space    used 16421K, committed 17664K, reserved 1048576K
GC Heap History (20 events):
Event: 117.348 GC heap before
{Heap before GC invocations=53 (full 0):
 garbage-first heap   total 194560K, used 169866K [0x0000000080000000, 0x0000000100000000)
  region size 1024K, 60 young (61440K), 7 survivors (7168K)
 Metaspace       used 113280K, committed 115520K, reserved 1179648K
  class space    used 15598K, committed 16768K, reserved 1048576K
}
Event: 117.361 GC heap after
{Heap after GC invocations=54 (full 0):
 garbage-first heap   total 194560K, used 119394K [0x0000000080000000, 0x0000000100000000)
  region size 1024K, 6 young (6144K), 6 survivors (6144K)
 Metaspace       used 113280K, committed 115520K, reserved 1179648K
  class space    used 15598K, committed 16768K, reserved 1048576K
}
Event: 118.671 GC heap before
{Heap before GC invocations=54 (full 0):
 garbage-first heap   total 194560K, used 175714K [0x0000000080000000, 0x0000000100000000)
  region size 1024K, 62 young (63488K), 6 survivors (6144K)
 Metaspace       used 113374K, committed 115648K, reserved 1179648K
  class space    used 15609K, committed 16768K, reserved 1048576K
}
Event: 118.684 GC heap after
{Heap after GC invocations=55 (full 0):
 garbage-first heap   total 194560K, used 119970K [0x0000000080000000, 0x0000000100000000)
  region size 1024K, 4 young (4096K), 4 survivors (4096K)
 Metaspace       used 113374K, committed 115648K, reserved 1179648K
  class space    used 15609K, committed 16768K, reserved 1048576K
}
Event: 123.734 GC heap before
{Heap before GC invocations=55 (full 0):
 garbage-first heap   total 194560K, used 178338K [0x0000000080000000, 0x0000000100000000)
  region size 1024K, 62 young (63488K), 4 survivors (4096K)
 Metaspace       used 116442K, committed 118720K, reserved 1179648K
  class space    used 15987K, committed 17152K, reserved 1048576K
}
Event: 123.762 GC heap after
{Heap after GC invocations=56 (full 0):
 garbage-first heap   total 194560K, used 124277K [0x0000000080000000, 0x0000000100000000)
  region size 1024K, 8 young (8192K), 8 survivors (8192K)
 Metaspace       used 116442K, committed 118720K, reserved 1179648K
  class space    used 15987K, committed 17152K, reserved 1048576K
}
Event: 124.990 GC heap before
{Heap before GC invocations=57 (full 0):
 garbage-first heap   total 208896K, used 173429K [0x0000000080000000, 0x0000000100000000)
  region size 1024K, 57 young (58368K), 8 survivors (8192K)
 Metaspace       used 117517K, committed 119808K, reserved 1179648K
  class space    used 16149K, committed 17280K, reserved 1048576K
}
Event: 125.003 GC heap after
{Heap after GC invocations=58 (full 0):
 garbage-first heap   total 208896K, used 126558K [0x0000000080000000, 0x0000000100000000)
  region size 1024K, 5 young (5120K), 5 survivors (5120K)
 Metaspace       used 117517K, committed 119808K, reserved 1179648K
  class space    used 16149K, committed 17280K, reserved 1048576K
}
Event: 128.871 GC heap before
{Heap before GC invocations=58 (full 0):
 garbage-first heap   total 208896K, used 190046K [0x0000000080000000, 0x0000000100000000)
  region size 1024K, 68 young (69632K), 5 survivors (5120K)
 Metaspace       used 117575K, committed 119872K, reserved 1179648K
  class space    used 16157K, committed 17344K, reserved 1048576K
}
Event: 128.882 GC heap after
{Heap after GC invocations=59 (full 0):
 garbage-first heap   total 208896K, used 127457K [0x0000000080000000, 0x0000000100000000)
  region size 1024K, 6 young (6144K), 6 survivors (6144K)
 Metaspace       used 117575K, committed 119872K, reserved 1179648K
  class space    used 16157K, committed 17344K, reserved 1048576K
}
Event: 204.588 GC heap before
{Heap before GC invocations=59 (full 0):
 garbage-first heap   total 208896K, used 189921K [0x0000000080000000, 0x0000000100000000)
  region size 1024K, 68 young (69632K), 6 survivors (6144K)
 Metaspace       used 119084K, committed 121472K, reserved 1179648K
  class space    used 16386K, committed 17600K, reserved 1048576K
}
Event: 204.601 GC heap after
{Heap after GC invocations=60 (full 0):
 garbage-first heap   total 208896K, used 128834K [0x0000000080000000, 0x0000000100000000)
  region size 1024K, 6 young (6144K), 6 survivors (6144K)
 Metaspace       used 119084K, committed 121472K, reserved 1179648K
  class space    used 16386K, committed 17600K, reserved 1048576K
}
Event: 207.273 GC heap before
{Heap before GC invocations=61 (full 0):
 garbage-first heap   total 217088K, used 188226K [0x0000000080000000, 0x0000000100000000)
  region size 1024K, 65 young (66560K), 6 survivors (6144K)
 Metaspace       used 119364K, committed 121728K, reserved 1179648K
  class space    used 16386K, committed 17600K, reserved 1048576K
}
Event: 207.293 GC heap after
{Heap after GC invocations=62 (full 0):
 garbage-first heap   total 217088K, used 134005K [0x0000000080000000, 0x0000000100000000)
  region size 1024K, 9 young (9216K), 9 survivors (9216K)
 Metaspace       used 119364K, committed 121728K, reserved 1179648K
  class space    used 16386K, committed 17600K, reserved 1048576K
}
Event: 212.713 GC heap before
{Heap before GC invocations=62 (full 0):
 garbage-first heap   total 217088K, used 194421K [0x0000000080000000, 0x0000000100000000)
  region size 1024K, 69 young (70656K), 9 survivors (9216K)
 Metaspace       used 119669K, committed 122048K, reserved 1179648K
  class space    used 16388K, committed 17600K, reserved 1048576K
}
Event: 212.738 GC heap after
{Heap after GC invocations=63 (full 0):
 garbage-first heap   total 217088K, used 141735K [0x0000000080000000, 0x0000000100000000)
  region size 1024K, 9 young (9216K), 9 survivors (9216K)
 Metaspace       used 119669K, committed 122048K, reserved 1179648K
  class space    used 16388K, committed 17600K, reserved 1048576K
}
Event: 216.438 GC heap before
{Heap before GC invocations=63 (full 0):
 garbage-first heap   total 217088K, used 193959K [0x0000000080000000, 0x0000000100000000)
  region size 1024K, 61 young (62464K), 9 survivors (9216K)
 Metaspace       used 119850K, committed 122304K, reserved 1179648K
  class space    used 16414K, committed 17664K, reserved 1048576K
}
Event: 216.455 GC heap after
{Heap after GC invocations=64 (full 0):
 garbage-first heap   total 217088K, used 148262K [0x0000000080000000, 0x0000000100000000)
  region size 1024K, 7 young (7168K), 7 survivors (7168K)
 Metaspace       used 119850K, committed 122304K, reserved 1179648K
  class space    used 16414K, committed 17664K, reserved 1048576K
}
Event: 217.931 GC heap before
{Heap before GC invocations=65 (full 0):
 garbage-first heap   total 249856K, used 195366K [0x0000000080000000, 0x0000000100000000)
  region size 1024K, 53 young (54272K), 7 survivors (7168K)
 Metaspace       used 119910K, committed 122304K, reserved 1179648K
  class space    used 16419K, committed 17664K, reserved 1048576K
}
Event: 217.967 GC heap after
{Heap after GC invocations=66 (full 0):
 garbage-first heap   total 249856K, used 173459K [0x0000000080000000, 0x0000000100000000)
  region size 1024K, 7 young (7168K), 7 survivors (7168K)
 Metaspace       used 119910K, committed 122304K, reserved 1179648K
  class space    used 16419K, committed 17664K, reserved 1048576K
}

