# JRE version: OpenJDK Runtime Environment (21.0.6) (build 21.0.6+-13368085-b895.109)
# Java VM: OpenJDK 64-Bit Server VM (21.0.6+-13368085-b895.109, mixed mode, tiered, compressed oops, compressed class ptrs, g1 gc, windows-amd64)
GC Precious Log:
 CardTable entry size: 512
 Card Set container configuration: InlinePtr #cards 5 size 8 Array Of Cards #cards 12 size 40 Howl #buckets 4 coarsen threshold 1843 Howl Bitmap #cards 512 size 80 coarsen threshold 460 Card regions per heap region 1 cards per card region 2048
 CPUs: 8 total, 8 available
 Memory: 16167M
 Large Page Support: Disabled
 NUMA Support: Disabled
 Compressed Oops: Enabled (32-bit)
 Heap Region Size: 1M
 Heap Min Capacity: 8M
 Heap Initial Capacity: 254M
 Heap Max Capacity: 2G
 Pre-touch: Disabled
 Parallel Workers: 8
 Concurrent Workers: 2
 Concurrent Refinement Workers: 8
 Periodic GC: Disabled
Heap:
 garbage-first heap   total 122880K, used 82791K [0x0000000080000000, 0x0000000100000000)
  region size 1024K, 7 young (7168K), 4 survivors (4096K)
 Metaspace       used 84659K, committed 86592K, reserved 1179648K
  class space    used 11377K, committed 12352K, reserved 1048576K
GC Heap History (20 events):
Event: 10.344 GC heap before
{Heap before GC invocations=21 (full 0):
 garbage-first heap   total 101376K, used 89107K [0x0000000080000000, 0x0000000100000000)
  region size 1024K, 44 young (45056K), 4 survivors (4096K)
 Metaspace       used 67298K, committed 68928K, reserved 1114112K
  class space    used 9125K, committed 9920K, reserved 1048576K
}
Event: 10.347 GC heap after
{Heap after GC invocations=22 (full 0):
 garbage-first heap   total 101376K, used 49244K [0x0000000080000000, 0x0000000100000000)
  region size 1024K, 4 young (4096K), 4 survivors (4096K)
 Metaspace       used 67298K, committed 68928K, reserved 1114112K
  class space    used 9125K, committed 9920K, reserved 1048576K
}
Event: 10.426 GC heap before
{Heap before GC invocations=22 (full 0):
 garbage-first heap   total 101376K, used 58460K [0x0000000080000000, 0x0000000100000000)
  region size 1024K, 14 young (14336K), 4 survivors (4096K)
 Metaspace       used 67544K, committed 69184K, reserved 1114112K
  class space    used 9163K, committed 9984K, reserved 1048576K
}
Event: 10.428 GC heap after
{Heap after GC invocations=23 (full 0):
 garbage-first heap   total 122880K, used 49856K [0x0000000080000000, 0x0000000100000000)
  region size 1024K, 4 young (4096K), 4 survivors (4096K)
 Metaspace       used 67544K, committed 69184K, reserved 1114112K
  class space    used 9163K, committed 9984K, reserved 1048576K
}
Event: 10.456 GC heap before
{Heap before GC invocations=23 (full 0):
 garbage-first heap   total 122880K, used 56000K [0x0000000080000000, 0x0000000100000000)
  region size 1024K, 7 young (7168K), 4 survivors (4096K)
 Metaspace       used 67573K, committed 69248K, reserved 1114112K
  class space    used 9167K, committed 9984K, reserved 1048576K
}
Event: 10.458 GC heap after
{Heap after GC invocations=24 (full 0):
 garbage-first heap   total 122880K, used 56867K [0x0000000080000000, 0x0000000100000000)
  region size 1024K, 6 young (6144K), 6 survivors (6144K)
 Metaspace       used 67573K, committed 69248K, reserved 1114112K
  class space    used 9167K, committed 9984K, reserved 1048576K
}
Event: 10.562 GC heap before
{Heap before GC invocations=24 (full 0):
 garbage-first heap   total 122880K, used 65059K [0x0000000080000000, 0x0000000100000000)
  region size 1024K, 14 young (14336K), 6 survivors (6144K)
 Metaspace       used 68015K, committed 69696K, reserved 1114112K
  class space    used 9243K, committed 10048K, reserved 1048576K
}
Event: 10.565 GC heap after
{Heap after GC invocations=25 (full 0):
 garbage-first heap   total 122880K, used 61541K [0x0000000080000000, 0x0000000100000000)
  region size 1024K, 5 young (5120K), 5 survivors (5120K)
 Metaspace       used 68015K, committed 69696K, reserved 1114112K
  class space    used 9243K, committed 10048K, reserved 1048576K
}
Event: 10.881 GC heap before
{Heap before GC invocations=26 (full 0):
 garbage-first heap   total 122880K, used 98405K [0x0000000080000000, 0x0000000100000000)
  region size 1024K, 35 young (35840K), 5 survivors (5120K)
 Metaspace       used 70155K, committed 71872K, reserved 1114112K
  class space    used 9500K, committed 10368K, reserved 1048576K
}
Event: 10.883 GC heap after
{Heap after GC invocations=27 (full 0):
 garbage-first heap   total 122880K, used 71052K [0x0000000080000000, 0x0000000100000000)
  region size 1024K, 5 young (5120K), 5 survivors (5120K)
 Metaspace       used 70155K, committed 71872K, reserved 1114112K
  class space    used 9500K, committed 10368K, reserved 1048576K
}
Event: 11.247 GC heap before
{Heap before GC invocations=27 (full 0):
 garbage-first heap   total 122880K, used 98700K [0x0000000080000000, 0x0000000100000000)
  region size 1024K, 33 young (33792K), 5 survivors (5120K)
 Metaspace       used 73017K, committed 74880K, reserved 1114112K
  class space    used 9812K, committed 10752K, reserved 1048576K
}
Event: 11.250 GC heap after
{Heap after GC invocations=28 (full 0):
 garbage-first heap   total 122880K, used 71322K [0x0000000080000000, 0x0000000100000000)
  region size 1024K, 1 young (1024K), 1 survivors (1024K)
 Metaspace       used 73017K, committed 74880K, reserved 1114112K
  class space    used 9812K, committed 10752K, reserved 1048576K
}
Event: 11.561 GC heap before
{Heap before GC invocations=28 (full 0):
 garbage-first heap   total 122880K, used 101018K [0x0000000080000000, 0x0000000100000000)
  region size 1024K, 31 young (31744K), 1 survivors (1024K)
 Metaspace       used 76328K, committed 78144K, reserved 1179648K
  class space    used 10313K, committed 11264K, reserved 1048576K
}
Event: 11.563 GC heap after
{Heap after GC invocations=29 (full 0):
 garbage-first heap   total 122880K, used 72436K [0x0000000080000000, 0x0000000100000000)
  region size 1024K, 2 young (2048K), 2 survivors (2048K)
 Metaspace       used 76328K, committed 78144K, reserved 1179648K
  class space    used 10313K, committed 11264K, reserved 1048576K
}
Event: 11.915 GC heap before
{Heap before GC invocations=30 (full 0):
 garbage-first heap   total 122880K, used 108276K [0x0000000080000000, 0x0000000100000000)
  region size 1024K, 33 young (33792K), 2 survivors (2048K)
 Metaspace       used 78619K, committed 80512K, reserved 1179648K
  class space    used 10619K, committed 11584K, reserved 1048576K
}
Event: 11.919 GC heap after
{Heap after GC invocations=31 (full 0):
 garbage-first heap   total 122880K, used 77654K [0x0000000080000000, 0x0000000100000000)
  region size 1024K, 5 young (5120K), 5 survivors (5120K)
 Metaspace       used 78619K, committed 80512K, reserved 1179648K
  class space    used 10619K, committed 11584K, reserved 1048576K
}
Event: 12.390 GC heap before
{Heap before GC invocations=31 (full 0):
 garbage-first heap   total 122880K, used 106326K [0x0000000080000000, 0x0000000100000000)
  region size 1024K, 34 young (34816K), 5 survivors (5120K)
 Metaspace       used 80953K, committed 82880K, reserved 1179648K
  class space    used 10899K, committed 11904K, reserved 1048576K
}
Event: 12.394 GC heap after
{Heap after GC invocations=32 (full 0):
 garbage-first heap   total 122880K, used 79550K [0x0000000080000000, 0x0000000100000000)
  region size 1024K, 2 young (2048K), 2 survivors (2048K)
 Metaspace       used 80953K, committed 82880K, reserved 1179648K
  class space    used 10899K, committed 11904K, reserved 1048576K
}
Event: 13.096 GC heap before
{Heap before GC invocations=32 (full 0):
 garbage-first heap   total 122880K, used 109246K [0x0000000080000000, 0x0000000100000000)
  region size 1024K, 31 young (31744K), 2 survivors (2048K)
 Metaspace       used 84133K, committed 86080K, reserved 1179648K
  class space    used 11322K, committed 12288K, reserved 1048576K
}
Event: 13.102 GC heap after
{Heap after GC invocations=33 (full 0):
 garbage-first heap   total 122880K, used 80743K [0x0000000080000000, 0x0000000100000000)
  region size 1024K, 4 young (4096K), 4 survivors (4096K)
 Metaspace       used 84133K, committed 86080K, reserved 1179648K
  class space    used 11322K, committed 12288K, reserved 1048576K
}

